#
# There is insufficient memory for the Java Runtime Environment to continue.
# Native memory allocation (mmap) failed to map 2097152 bytes for G1 virtual space
# Possible reasons:
#   The system is out of physical RAM or swap space
#   The process is running with CompressedOops enabled, and the Java Heap may be blocking the growth of the native heap
# Possible solutions:
#   Reduce memory load on the system
#   Increase physical memory or swap space
#   Check if swap backing store is full
#   Decrease Java heap size (-Xmx/-Xms)
#   Decrease number of Java threads
#   Decrease Java thread stack sizes (-Xss)
#   Set larger code cache with -XX:ReservedCodeCacheSize=
#   JVM is running with Unscaled Compressed Oops mode in which the Java heap is
#     placed in the first 4GB address space. The Java Heap base address is the
#     maximum limit for the native heap growth. Please use -XX:HeapBaseMinAddress
#     to set the Java Heap base and to place the Java Heap above 4GB virtual address.
# This output file may be truncated or incomplete.
#
#  Out of Memory Error (os_windows.cpp:3469), pid=4116, tid=5608
#
# JRE version:  (17.0.1+12) (build )
# Java VM: OpenJDK 64-Bit Server VM (17.0.1+12, mixed mode, emulated-client, sharing, tiered, compressed oops, compressed class ptrs, g1 gc, windows-amd64)
# No core dump will be written. Minidumps are not enabled by default on client versions of Windows
#

---------------  S U M M A R Y ------------

Command Line: -Dcom.sun.management.jmxremote -Dcom.sun.management.jmxremote.port=61615 -Dcom.sun.management.jmxremote.authenticate=false -Dcom.sun.management.jmxremote.ssl=false -Djava.rmi.server.hostname=localhost -Dspring.jmx.enabled=true -Dspring.application.admin.enabled=true -XX:TieredStopAtLevel=1 -Dspring.boot.project.name=crusomc -Dfile.encoding=UTF-8 -XX:+ShowCodeDetailsInExceptionMessages com.tiagorossi.crusomc.CrusomcApplication --spring.output.ansi.enabled=always

Host: Intel(R) Core(TM) i5-6500 CPU @ 3.20GHz, 4 cores, 7G,  Windows 10 , 64 bit Build 19041 (10.0.19041.1023)
Time: Mon Feb  7 17:43:27 2022 Hora Padrão de Buenos Aires elapsed time: 0.035252 seconds (0d 0h 0m 0s)

---------------  T H R E A D  ---------------

Current thread (0x000001a13dfe4a60):  JavaThread "Unknown thread" [_thread_in_vm, id=5608, stack(0x0000005a4bf00000,0x0000005a4c000000)]

Stack: [0x0000005a4bf00000,0x0000005a4c000000]
Native frames: (J=compiled Java code, j=interpreted, Vv=VM code, C=native code)
V  [jvm.dll+0x6744da]
V  [jvm.dll+0x82e144]
V  [jvm.dll+0x82f8ee]
V  [jvm.dll+0x82ff53]
V  [jvm.dll+0x245175]
V  [jvm.dll+0x6714c9]
V  [jvm.dll+0x665f92]
V  [jvm.dll+0x303c3b]
V  [jvm.dll+0x30b176]
V  [jvm.dll+0x35af33]
V  [jvm.dll+0x35b14f]
V  [jvm.dll+0x2dab78]
V  [jvm.dll+0x2dbae4]
V  [jvm.dll+0x7ffdf1]
V  [jvm.dll+0x368c91]
V  [jvm.dll+0x7df2cc]
V  [jvm.dll+0x3eb59f]
V  [jvm.dll+0x3ed121]
C  [jli.dll+0x5277]
C  [ucrtbase.dll+0x21bb2]
C  [KERNEL32.DLL+0x17034]
C  [ntdll.dll+0x52651]


---------------  P R O C E S S  ---------------

Threads class SMR info:
_java_thread_list=0x00007ffacaa74e58, length=0, elements={
}

Java Threads: ( => current thread )

Other Threads:
  0x000001a13e0267c0 GCTaskThread "GC Thread#0" [stack: 0x0000005a4c000000,0x0000005a4c100000] [id=12560]
  0x000001a13e037a10 ConcurrentGCThread "G1 Main Marker" [stack: 0x0000005a4c100000,0x0000005a4c200000] [id=12172]
  0x000001a13e0381d0 ConcurrentGCThread "G1 Conc#0" [stack: 0x0000005a4c200000,0x0000005a4c300000] [id=12896]

[error occurred during error reporting (printing all threads), id 0xc0000005, EXCEPTION_ACCESS_VIOLATION (0xc0000005) at pc=0x00007ffaca24b5f7]

VM state: not at safepoint (not fully initialized)

VM Mutex/Monitor currently owned by a thread:  ([mutex/lock_event])
[0x000001a13dfded00] Heap_lock - owner thread: 0x000001a13dfe4a60

Heap address: 0x0000000081200000, size: 2030 MB, Compressed Oops mode: 32-bit

CDS archive(s) mapped at: [0x0000000000000000-0x0000000000000000-0x0000000000000000), size 0, SharedBaseAddress: 0x0000000800000000, ArchiveRelocationMode: 0.
Narrow klass base: 0x0000000000000000, Narrow klass shift: 0, Narrow klass range: 0x0

GC Precious Log:
<Empty>

Heap:
 garbage-first heap   total 0K, used 0K [0x0000000081200000, 0x0000000100000000)
  region size 1024K, 0 young (0K), 0 survivors (0K)

[error occurred during error reporting (printing heap information), id 0xc0000005, EXCEPTION_ACCESS_VIOLATION (0xc0000005) at pc=0x00007ffaca62d729]

GC Heap History (0 events):
No events

Deoptimization events (0 events):
No events

Classes unloaded (0 events):
No events

Classes redefined (0 events):
No events

Internal exceptions (0 events):
No events

VM Operations (0 events):
No events

Events (1 events):
Event: 0.012 Loaded shared library C:\Users\Tiago\Desktop\Spring\STS\contents\sts-4.13.1.RELEASE\plugins\org.eclipse.justj.openjdk.hotspot.jre.full.win32.x86_64_17.0.1.v20211116-1657\jre\bin\java.dll


Dynamic libraries:
0x00007ff71e4e0000 - 0x00007ff71e4ee000 	C:\Users\Tiago\Desktop\Spring\STS\contents\sts-4.13.1.RELEASE\plugins\org.eclipse.justj.openjdk.hotspot.jre.full.win32.x86_64_17.0.1.v20211116-1657\jre\bin\javaw.exe
0x00007ffb348b0000 - 0x00007ffb34aa5000 	C:\Windows\SYSTEM32\ntdll.dll
0x00007ffb33b20000 - 0x00007ffb33bdd000 	C:\Windows\System32\KERNEL32.DLL
0x00007ffb32620000 - 0x00007ffb328e8000 	C:\Windows\System32\KERNELBASE.dll
0x00007ffb32020000 - 0x00007ffb32120000 	C:\Windows\System32\ucrtbase.dll
0x00007ffb1fca0000 - 0x00007ffb1fcb8000 	C:\Users\Tiago\Desktop\Spring\STS\contents\sts-4.13.1.RELEASE\plugins\org.eclipse.justj.openjdk.hotspot.jre.full.win32.x86_64_17.0.1.v20211116-1657\jre\bin\jli.dll
0x00007ffb33980000 - 0x00007ffb33b20000 	C:\Windows\System32\USER32.dll
0x00007ffb328f0000 - 0x00007ffb32912000 	C:\Windows\System32\win32u.dll
0x00007ffb33810000 - 0x00007ffb3383a000 	C:\Windows\System32\GDI32.dll
0x00007ffb32420000 - 0x00007ffb3252b000 	C:\Windows\System32\gdi32full.dll
0x00007ffb321d0000 - 0x00007ffb3226d000 	C:\Windows\System32\msvcp_win.dll
0x00007ffb1fc80000 - 0x00007ffb1fc99000 	C:\Users\Tiago\Desktop\Spring\STS\contents\sts-4.13.1.RELEASE\plugins\org.eclipse.justj.openjdk.hotspot.jre.full.win32.x86_64_17.0.1.v20211116-1657\jre\bin\VCRUNTIME140.dll
0x00007ffb21a70000 - 0x00007ffb21d0a000 	C:\Windows\WinSxS\amd64_microsoft.windows.common-controls_6595b64144ccf1df_6.0.19041.1052_none_60b8f8fd71f5e8cb\COMCTL32.dll
0x00007ffb32d10000 - 0x00007ffb32dae000 	C:\Windows\System32\msvcrt.dll
0x00007ffb32e60000 - 0x00007ffb32e90000 	C:\Windows\System32\IMM32.DLL
0x00007ffb2d9d0000 - 0x00007ffb2d9dc000 	C:\Users\Tiago\Desktop\Spring\STS\contents\sts-4.13.1.RELEASE\plugins\org.eclipse.justj.openjdk.hotspot.jre.full.win32.x86_64_17.0.1.v20211116-1657\jre\bin\vcruntime140_1.dll
0x00007ffb08e30000 - 0x00007ffb08ec1000 	C:\Users\Tiago\Desktop\Spring\STS\contents\sts-4.13.1.RELEASE\plugins\org.eclipse.justj.openjdk.hotspot.jre.full.win32.x86_64_17.0.1.v20211116-1657\jre\bin\msvcp140.dll
0x00007ffac9f60000 - 0x00007ffacaba6000 	C:\Users\Tiago\Desktop\Spring\STS\contents\sts-4.13.1.RELEASE\plugins\org.eclipse.justj.openjdk.hotspot.jre.full.win32.x86_64_17.0.1.v20211116-1657\jre\bin\server\jvm.dll
0x00007ffb33be0000 - 0x00007ffb33c8c000 	C:\Windows\System32\ADVAPI32.dll
0x00007ffb32dc0000 - 0x00007ffb32e5b000 	C:\Windows\System32\sechost.dll
0x00007ffb32e90000 - 0x00007ffb32fbb000 	C:\Windows\System32\RPCRT4.dll
0x00007ffb32db0000 - 0x00007ffb32db8000 	C:\Windows\System32\PSAPI.DLL
0x00007ffb29bd0000 - 0x00007ffb29bf7000 	C:\Windows\SYSTEM32\WINMM.dll
0x00007ffb19e30000 - 0x00007ffb19e39000 	C:\Windows\SYSTEM32\WSOCK32.dll
0x00007ffb335e0000 - 0x00007ffb3364b000 	C:\Windows\System32\WS2_32.dll
0x00007ffb2c440000 - 0x00007ffb2c44a000 	C:\Windows\SYSTEM32\VERSION.dll
0x00007ffb30140000 - 0x00007ffb30152000 	C:\Windows\SYSTEM32\kernel.appcore.dll
0x00007ffb2d9c0000 - 0x00007ffb2d9ca000 	C:\Users\Tiago\Desktop\Spring\STS\contents\sts-4.13.1.RELEASE\plugins\org.eclipse.justj.openjdk.hotspot.jre.full.win32.x86_64_17.0.1.v20211116-1657\jre\bin\jimage.dll
0x00007ffb19550000 - 0x00007ffb19734000 	C:\Windows\SYSTEM32\DBGHELP.DLL
0x00007ffb19ab0000 - 0x00007ffb19adc000 	C:\Windows\SYSTEM32\dbgcore.DLL
0x00007ffb32530000 - 0x00007ffb325b3000 	C:\Windows\System32\bcryptPrimitives.dll
0x00007ffb1fb70000 - 0x00007ffb1fb95000 	C:\Users\Tiago\Desktop\Spring\STS\contents\sts-4.13.1.RELEASE\plugins\org.eclipse.justj.openjdk.hotspot.jre.full.win32.x86_64_17.0.1.v20211116-1657\jre\bin\java.dll

dbghelp: loaded successfully - version: 4.0.5 - missing functions: none
symbol engine: initialized successfully - sym options: 0x614 - pdb path: .;C:\Users\Tiago\Desktop\Spring\STS\contents\sts-4.13.1.RELEASE\plugins\org.eclipse.justj.openjdk.hotspot.jre.full.win32.x86_64_17.0.1.v20211116-1657\jre\bin;C:\Windows\SYSTEM32;C:\Windows\WinSxS\amd64_microsoft.windows.common-controls_6595b64144ccf1df_6.0.19041.1052_none_60b8f8fd71f5e8cb;C:\Users\Tiago\Desktop\Spring\STS\contents\sts-4.13.1.RELEASE\plugins\org.eclipse.justj.openjdk.hotspot.jre.full.win32.x86_64_17.0.1.v20211116-1657\jre\bin\server

VM Arguments:
jvm_args: -Dcom.sun.management.jmxremote -Dcom.sun.management.jmxremote.port=61615 -Dcom.sun.management.jmxremote.authenticate=false -Dcom.sun.management.jmxremote.ssl=false -Djava.rmi.server.hostname=localhost -Dspring.jmx.enabled=true -Dspring.application.admin.enabled=true -XX:TieredStopAtLevel=1 -Dspring.boot.project.name=crusomc -Dfile.encoding=UTF-8 -XX:+ShowCodeDetailsInExceptionMessages 
java_command: com.tiagorossi.crusomc.CrusomcApplication --spring.output.ansi.enabled=always
java_class_path (initial): C:\Users\Tiago\Desktop\Spring\Workspace\crusomc\target\classes;C:\Users\Tiago\.m2\repository\org\springframework\boot\spring-boot-starter-web\2.6.3\spring-boot-starter-web-2.6.3.jar;C:\Users\Tiago\.m2\repository\org\springframework\boot\spring-boot-starter\2.6.3\spring-boot-starter-2.6.3.jar;C:\Users\Tiago\.m2\repository\org\springframework\boot\spring-boot\2.6.3\spring-boot-2.6.3.jar;C:\Users\Tiago\.m2\repository\org\springframework\boot\spring-boot-autoconfigure\2.6.3\spring-boot-autoconfigure-2.6.3.jar;C:\Users\Tiago\.m2\repository\org\springframework\boot\spring-boot-starter-logging\2.6.3\spring-boot-starter-logging-2.6.3.jar;C:\Users\Tiago\.m2\repository\ch\qos\logback\logback-classic\1.2.10\logback-classic-1.2.10.jar;C:\Users\Tiago\.m2\repository\ch\qos\logback\logback-core\1.2.10\logback-core-1.2.10.jar;C:\Users\Tiago\.m2\repository\org\apache\logging\log4j\log4j-to-slf4j\2.17.1\log4j-to-slf4j-2.17.1.jar;C:\Users\Tiago\.m2\repository\org\apache\logging\log4j\log4j-api\2.17.1\log4j-api-2.17.1.jar;C:\Users\Tiago\.m2\repository\org\slf4j\jul-to-slf4j\1.7.33\jul-to-slf4j-1.7.33.jar;C:\Users\Tiago\.m2\repository\jakarta\annotation\jakarta.annotation-api\1.3.5\jakarta.annotation-api-1.3.5.jar;C:\Users\Tiago\.m2\repository\org\yaml\snakeyaml\1.29\snakeyaml-1.29.jar;C:\Users\Tiago\.m2\repository\org\springframework\boot\spring-boot-starter-json\2.6.3\spring-boot-starter-json-2.6.3.jar;C:\Users\Tiago\.m2\repository\com\fasterxml\jackson\core\jackson-databind\2.13.1\jackson-databind-2.13.1.jar;C:\Users\Tiago\.m2\repository\com\fasterxml\jackson\core\jackson-annotations\2.13.1\jackson-annotations-2.13.1.jar;C:\Users\Tiago\.m2\repository\com\fasterxml\jackson\core\jackson-core\2.13.1\jackson-core-2.13.1.jar;C:\Users\Tiago\.m2\repository\com\fasterxml\jackson\datatype\jackson-datatype-jdk8\2.13.1\jackson-datatype-jdk8-2.13.1.jar;C:\Users\Tiago\.m2\repository\com\fasterxml\jackson\datatype\jackson-datatype-jsr310\2.13.1\jackson-datatype-jsr310-
Launcher Type: SUN_STANDARD

[Global flags]
     intx CICompilerCount                          = 3                                         {product} {ergonomic}
     uint ConcGCThreads                            = 1                                         {product} {ergonomic}
     uint G1ConcRefinementThreads                  = 4                                         {product} {ergonomic}
   size_t G1HeapRegionSize                         = 1048576                                   {product} {ergonomic}
    uintx GCDrainStackTargetSize                   = 64                                        {product} {ergonomic}
   size_t InitialHeapSize                          = 134217728                                 {product} {ergonomic}
     bool ManagementServer                         = true                                      {product} {command line}
   size_t MarkStackSize                            = 4194304                                   {product} {ergonomic}
   size_t MaxHeapSize                              = 2128609280                                {product} {ergonomic}
   size_t MinHeapDeltaBytes                        = 1048576                                   {product} {ergonomic}
   size_t MinHeapSize                              = 8388608                                   {product} {ergonomic}
    uintx NonProfiledCodeHeapSize                  = 0                                      {pd product} {ergonomic}
     bool ProfileInterpreter                       = false                                  {pd product} {command line}
    uintx ProfiledCodeHeapSize                     = 0                                      {pd product} {ergonomic}
     bool ShowCodeDetailsInExceptionMessages       = true                                   {manageable} {command line}
   size_t SoftMaxHeapSize                          = 2128609280                             {manageable} {ergonomic}
     intx TieredStopAtLevel                        = 1                                         {product} {command line}
     bool UseCompressedClassPointers               = true                           {product lp64_product} {ergonomic}
     bool UseCompressedOops                        = true                           {product lp64_product} {ergonomic}
     bool UseG1GC                                  = true                                      {product} {ergonomic}
     bool UseLargePagesIndividualAllocation        = false                                  {pd product} {ergonomic}

Logging:
Log output configuration:
 #0: stdout all=warning uptime,level,tags
 #1: stderr all=off uptime,level,tags

Environment Variables:
JAVA_HOME=C:\Program Files (x86)\Java\jdk1.7.0_80
PATH=C:/Users/Tiago/Desktop/Spring/STS/contents/sts-4.13.1.RELEASE//plugins/org.eclipse.justj.openjdk.hotspot.jre.full.win32.x86_64_17.0.1.v20211116-1657/jre/bin/server;C:/Users/Tiago/Desktop/Spring/STS/contents/sts-4.13.1.RELEASE//plugins/org.eclipse.justj.openjdk.hotspot.jre.full.win32.x86_64_17.0.1.v20211116-1657/jre/bin;C:\Program Files (x86)\Common Files\Oracle\Java\javapath;C:\Program Files (x86)\Java\jre1.8.0_321\bin;C:\Program Files\Java\jdk-17.0.1\bin;C:\Program Files\nodejs\;C:\Program Files\NetMake\v9-php73\components\php;C:\Program Files\Microsoft SQL Server\110\Tools\Binn\;C:\Program Files\dotnet\;C:\Program Files\MySQL\MySQL Shell 8.0\bin\;C:\Users\Tiago\AppData\Local\Microsoft\WindowsApps;C:\Users\Tiago\AppData\Local\GitHubDesktop\bin;C:\Users\Tiago\AppData\Local\Programs\Microsoft VS Code\bin;C:\Users\Tiago\AppData\Roaming\npm;C:\Users\Tiago\.dotnet\tools;C:\Users\Tiago\Desktop\Spring\STS\contents\sts-4.13.1.RELEASE;
USERNAME=Tiago
OS=Windows_NT
PROCESSOR_IDENTIFIER=Intel64 Family 6 Model 94 Stepping 3, GenuineIntel



---------------  S Y S T E M  ---------------

OS:
 Windows 10 , 64 bit Build 19041 (10.0.19041.1023)
OS uptime: 2 days 23:59 hours

CPU: total 4 (initial active 4) (4 cores per cpu, 1 threads per core) family 6 model 94 stepping 3 microcode 0xcc, cx8, cmov, fxsr, mmx, 3dnowpref, sse, sse2, sse3, ssse3, sse4.1, sse4.2, popcnt, lzcnt, tsc, tscinvbit, avx, avx2, aes, erms, clmul, bmi1, bmi2, rtm, adx, fma, vzeroupper, clflush, clflushopt

Memory: 4k page, system-wide physical 8115M (1039M free)
TotalPageFile size 8115M (AvailPageFile size 4M)
current process WorkingSet (physical memory assigned to process): 10M, peak: 10M
current process commit charge ("private bytes"): 174M, peak: 176M

vm_info: OpenJDK 64-Bit Server VM (17.0.1+12) for windows-amd64 JRE (17.0.1+12), built on Oct 20 2021 07:42:55 by "" with MS VC++ 16.7 (VS2019)

END.
